{"/Users/user/React/02-first-steps/src/FirstStepsApp.tsx": {"path":"/Users/user/React/02-first-steps/src/FirstStepsApp.tsx","statementMap":{"0":{"start":{"line":9,"column":34},"end":{"line":13,"column":null}},"1":{"start":{"line":16,"column":4},"end":{"line":22,"column":42}},"2":{"start":{"line":21,"column":62},"end":{"line":22,"column":42}}},"fnMap":{"0":{"name":"FirstStepsApp","decl":{"start":{"line":15,"column":16},"end":{"line":15,"column":null}},"loc":{"start":{"line":15,"column":16},"end":{"line":41,"column":null}},"line":15},"1":{"name":"(anonymous_1)","decl":{"start":{"line":21,"column":32},"end":{"line":21,"column":33}},"loc":{"start":{"line":21,"column":62},"end":{"line":22,"column":42}},"line":21}},"branchMap":{},"s":{"0":1,"1":3,"2":9},"f":{"0":3,"1":9},"b":{},"meta":{"lastBranch":0,"lastFunction":2,"lastStatement":3,"seen":{"s:9:34:13:Infinity":0,"f:15:16:15:Infinity":0,"s:16:4:22:42":1,"f:21:32:21:33":1,"s:21:62:22:42":2}}}
,"/Users/user/React/02-first-steps/src/MyAwesomeApp.tsx": {"path":"/Users/user/React/02-first-steps/src/MyAwesomeApp.tsx","statementMap":{"0":{"start":{"line":3,"column":18},"end":{"line":3,"column":null}},"1":{"start":{"line":4,"column":17},"end":{"line":4,"column":null}},"2":{"start":{"line":6,"column":22},"end":{"line":6,"column":null}},"3":{"start":{"line":7,"column":17},"end":{"line":7,"column":null}},"4":{"start":{"line":9,"column":16},"end":{"line":12,"column":null}},"5":{"start":{"line":14,"column":32},"end":{"line":18,"column":null}},"6":{"start":{"line":21,"column":4},"end":{"line":35,"column":null}}},"fnMap":{"0":{"name":"MyAwesomeApp","decl":{"start":{"line":20,"column":16},"end":{"line":20,"column":null}},"loc":{"start":{"line":20,"column":16},"end":{"line":39,"column":null}},"line":20}},"branchMap":{"0":{"loc":{"start":{"line":16,"column":18},"end":{"line":16,"column":null}},"type":"cond-expr","locations":[{"start":{"line":16,"column":29},"end":{"line":16,"column":34}},{"start":{"line":16,"column":34},"end":{"line":16,"column":null}}],"line":16},"1":{"loc":{"start":{"line":30,"column":17},"end":{"line":30,"column":null}},"type":"cond-expr","locations":[{"start":{"line":30,"column":28},"end":{"line":30,"column":39}},{"start":{"line":30,"column":39},"end":{"line":30,"column":null}}],"line":30}},"s":{"0":1,"1":1,"2":1,"3":1,"4":1,"5":1,"6":4},"f":{"0":4},"b":{"0":[1,0],"1":[4,0]},"meta":{"lastBranch":2,"lastFunction":1,"lastStatement":7,"seen":{"s:3:18:3:Infinity":0,"s:4:17:4:Infinity":1,"s:6:22:6:Infinity":2,"s:7:17:7:Infinity":3,"s:9:16:12:Infinity":4,"s:14:32:18:Infinity":5,"b:16:29:16:34:16:34:16:Infinity":0,"f:20:16:20:Infinity":0,"s:21:4:35:Infinity":6,"b:30:28:30:39:30:39:30:Infinity":1}}}
,"/Users/user/React/02-first-steps/src/helpers/math.helper.ts": {"path":"/Users/user/React/02-first-steps/src/helpers/math.helper.ts","statementMap":{"0":{"start":{"line":3,"column":19},"end":{"line":6,"column":null}},"1":{"start":{"line":5,"column":4},"end":{"line":5,"column":null}},"2":{"start":{"line":8,"column":24},"end":{"line":10,"column":null}},"3":{"start":{"line":9,"column":4},"end":{"line":9,"column":null}},"4":{"start":{"line":12,"column":24},"end":{"line":14,"column":null}},"5":{"start":{"line":13,"column":4},"end":{"line":13,"column":null}},"6":{"start":{"line":16,"column":22},"end":{"line":18,"column":null}},"7":{"start":{"line":17,"column":4},"end":{"line":17,"column":null}}},"fnMap":{"0":{"name":"(anonymous_0)","decl":{"start":{"line":3,"column":19},"end":{"line":3,"column":20}},"loc":{"start":{"line":3,"column":31},"end":{"line":6,"column":null}},"line":3},"1":{"name":"(anonymous_1)","decl":{"start":{"line":8,"column":24},"end":{"line":8,"column":25}},"loc":{"start":{"line":8,"column":36},"end":{"line":10,"column":null}},"line":8},"2":{"name":"(anonymous_2)","decl":{"start":{"line":12,"column":24},"end":{"line":12,"column":25}},"loc":{"start":{"line":12,"column":36},"end":{"line":14,"column":null}},"line":12},"3":{"name":"(anonymous_3)","decl":{"start":{"line":16,"column":22},"end":{"line":16,"column":23}},"loc":{"start":{"line":16,"column":34},"end":{"line":18,"column":null}},"line":16}},"branchMap":{},"s":{"0":1,"1":1,"2":1,"3":2,"4":1,"5":2,"6":1,"7":0},"f":{"0":1,"1":2,"2":2,"3":0},"b":{},"meta":{"lastBranch":0,"lastFunction":4,"lastStatement":8,"seen":{"s:3:19:6:Infinity":0,"f:3:19:3:20":0,"s:5:4:5:Infinity":1,"s:8:24:10:Infinity":2,"f:8:24:8:25":1,"s:9:4:9:Infinity":3,"s:12:24:14:Infinity":4,"f:12:24:12:25":2,"s:13:4:13:Infinity":5,"s:16:22:18:Infinity":6,"f:16:22:16:23":3,"s:17:4:17:Infinity":7}}}
,"/Users/user/React/02-first-steps/src/shopping-cart/ItemCounter.css": {"path":"/Users/user/React/02-first-steps/src/shopping-cart/ItemCounter.css","statementMap":{},"fnMap":{},"branchMap":{},"s":{},"f":{},"b":{},"meta":{"lastBranch":0,"lastFunction":0,"lastStatement":0,"seen":{}}}
,"/Users/user/React/02-first-steps/src/shopping-cart/ItemCounter.tsx": {"path":"/Users/user/React/02-first-steps/src/shopping-cart/ItemCounter.tsx","statementMap":{"0":{"start":{"line":9,"column":27},"end":{"line":47,"column":null}},"1":{"start":{"line":11,"column":27},"end":{"line":11,"column":null}},"2":{"start":{"line":13,"column":22},"end":{"line":15,"column":null}},"3":{"start":{"line":14,"column":8},"end":{"line":14,"column":null}},"4":{"start":{"line":17,"column":27},"end":{"line":20,"column":null}},"5":{"start":{"line":18,"column":8},"end":{"line":18,"column":null}},"6":{"start":{"line":18,"column":24},"end":{"line":18,"column":null}},"7":{"start":{"line":19,"column":8},"end":{"line":19,"column":null}},"8":{"start":{"line":22,"column":4},"end":{"line":44,"column":null}}},"fnMap":{"0":{"name":"(anonymous_0)","decl":{"start":{"line":9,"column":27},"end":{"line":9,"column":28}},"loc":{"start":{"line":9,"column":57},"end":{"line":47,"column":null}},"line":9},"1":{"name":"(anonymous_1)","decl":{"start":{"line":13,"column":22},"end":{"line":13,"column":null}},"loc":{"start":{"line":13,"column":22},"end":{"line":15,"column":null}},"line":13},"2":{"name":"(anonymous_2)","decl":{"start":{"line":17,"column":27},"end":{"line":17,"column":null}},"loc":{"start":{"line":17,"column":27},"end":{"line":20,"column":null}},"line":17}},"branchMap":{"0":{"loc":{"start":{"line":9,"column":36},"end":{"line":9,"column":48}},"type":"default-arg","locations":[{"start":{"line":9,"column":47},"end":{"line":9,"column":48}}],"line":9},"1":{"loc":{"start":{"line":18,"column":8},"end":{"line":18,"column":null}},"type":"if","locations":[{"start":{"line":18,"column":8},"end":{"line":18,"column":null}},{"start":{},"end":{}}],"line":18},"2":{"loc":{"start":{"line":35,"column":27},"end":{"line":35,"column":null}},"type":"cond-expr","locations":[{"start":{"line":35,"column":40},"end":{"line":35,"column":48}},{"start":{"line":35,"column":48},"end":{"line":35,"column":null}}],"line":35}},"s":{"0":1,"1":9,"2":9,"3":1,"4":9,"5":2,"6":1,"7":1,"8":9},"f":{"0":9,"1":1,"2":2},"b":{"0":[9],"1":[1,1],"2":[4,5]},"meta":{"lastBranch":3,"lastFunction":3,"lastStatement":9,"seen":{"s:9:27:47:Infinity":0,"f:9:27:9:28":0,"b:9:47:9:48":0,"s:11:27:11:Infinity":1,"s:13:22:15:Infinity":2,"f:13:22:13:Infinity":1,"s:14:8:14:Infinity":3,"s:17:27:20:Infinity":4,"f:17:27:17:Infinity":2,"b:18:8:18:Infinity:undefined:undefined:undefined:undefined":1,"s:18:8:18:Infinity":5,"s:18:24:18:Infinity":6,"s:19:8:19:Infinity":7,"s:22:4:44:Infinity":8,"b:35:40:35:48:35:48:35:Infinity":2}}}
}
